# JRE version: OpenJDK Runtime Environment 21.9 (17.0.3+6) (build 17.0.3+6-LTS)
# Java VM: OpenJDK 64-Bit Server VM 21.9 (17.0.3+6-LTS, mixed mode, sharing, tiered, compressed oops, compressed class ptrs, g1 gc, windows-amd64)
GC Precious Log:
 CPUs: 12 total, 12 available
 Memory: 7891M
 Large Page Support: Disabled
 NUMA Support: Disabled
 Compressed Oops: Enabled (32-bit)
 Heap Region Size: 1M
 Heap Min Capacity: 256M
 Heap Initial Capacity: 256M
 Heap Max Capacity: 512M
 Pre-touch: Disabled
 Parallel Workers: 10
 Concurrent Workers: 3
 Concurrent Refinement Workers: 10
 Periodic GC: Disabled
Heap:
 garbage-first heap   total 262144K, used 149013K [0x00000000e0000000, 0x0000000100000000)
  region size 1024K, 73 young (74752K), 11 survivors (11264K)
 Metaspace       used 65896K, committed 66496K, reserved 380928K
  class space    used 8751K, committed 9024K, reserved 315392K
GC Heap History (20 events):
Event: 0.826 GC heap before
{Heap before GC invocations=0 (full 0):
 garbage-first heap   total 262144K, used 26624K [0x00000000e0000000, 0x0000000100000000)
  region size 1024K, 23 young (23552K), 0 survivors (0K)
 Metaspace       used 3054K, committed 3200K, reserved 323584K
  class space    used 392K, committed 448K, reserved 315392K
}
Event: 0.831 GC heap after
{Heap after GC invocations=1 (full 0):
 garbage-first heap   total 262144K, used 10702K [0x00000000e0000000, 0x0000000100000000)
  region size 1024K, 3 young (3072K), 3 survivors (3072K)
 Metaspace       used 3054K, committed 3200K, reserved 323584K
  class space    used 392K, committed 448K, reserved 315392K
}
Event: 3.009 GC heap before
{Heap before GC invocations=1 (full 0):
 garbage-first heap   total 262144K, used 38350K [0x00000000e0000000, 0x0000000100000000)
  region size 1024K, 30 young (30720K), 3 survivors (3072K)
 Metaspace       used 4028K, committed 4224K, reserved 323584K
  class space    used 495K, committed 576K, reserved 315392K
}
Event: 3.013 GC heap after
{Heap after GC invocations=2 (full 0):
 garbage-first heap   total 262144K, used 12029K [0x00000000e0000000, 0x0000000100000000)
  region size 1024K, 2 young (2048K), 2 survivors (2048K)
 Metaspace       used 4028K, committed 4224K, reserved 323584K
  class space    used 495K, committed 576K, reserved 315392K
}
Event: 8.811 GC heap before
{Heap before GC invocations=2 (full 0):
 garbage-first heap   total 262144K, used 126717K [0x00000000e0000000, 0x0000000100000000)
  region size 1024K, 115 young (117760K), 2 survivors (2048K)
 Metaspace       used 21191K, committed 21504K, reserved 339968K
  class space    used 3138K, committed 3328K, reserved 315392K
}
Event: 8.825 GC heap after
{Heap after GC invocations=3 (full 0):
 garbage-first heap   total 262144K, used 21948K [0x00000000e0000000, 0x0000000100000000)
  region size 1024K, 12 young (12288K), 12 survivors (12288K)
 Metaspace       used 21191K, committed 21504K, reserved 339968K
  class space    used 3138K, committed 3328K, reserved 315392K
}
Event: 12.308 GC heap before
{Heap before GC invocations=4 (full 0):
 garbage-first heap   total 262144K, used 141756K [0x00000000e0000000, 0x0000000100000000)
  region size 1024K, 124 young (126976K), 12 survivors (12288K)
 Metaspace       used 35595K, committed 35968K, reserved 348160K
  class space    used 4940K, committed 5120K, reserved 315392K
}
Event: 12.323 GC heap after
{Heap after GC invocations=5 (full 0):
 garbage-first heap   total 262144K, used 32521K [0x00000000e0000000, 0x0000000100000000)
  region size 1024K, 10 young (10240K), 10 survivors (10240K)
 Metaspace       used 35595K, committed 35968K, reserved 348160K
  class space    used 4940K, committed 5120K, reserved 315392K
}
Event: 18.164 GC heap before
{Heap before GC invocations=6 (full 0):
 garbage-first heap   total 262144K, used 164617K [0x00000000e0000000, 0x0000000100000000)
  region size 1024K, 139 young (142336K), 10 survivors (10240K)
 Metaspace       used 47411K, committed 47936K, reserved 364544K
  class space    used 6728K, committed 6976K, reserved 315392K
}
Event: 18.180 GC heap after
{Heap after GC invocations=7 (full 0):
 garbage-first heap   total 262144K, used 39955K [0x00000000e0000000, 0x0000000100000000)
  region size 1024K, 18 young (18432K), 18 survivors (18432K)
 Metaspace       used 47411K, committed 47936K, reserved 364544K
  class space    used 6728K, committed 6976K, reserved 315392K
}
Event: 29.104 GC heap before
{Heap before GC invocations=7 (full 0):
 garbage-first heap   total 262144K, used 177171K [0x00000000e0000000, 0x0000000100000000)
  region size 1024K, 153 young (156672K), 18 survivors (18432K)
 Metaspace       used 52692K, committed 53184K, reserved 364544K
  class space    used 7324K, committed 7552K, reserved 315392K
}
Event: 29.160 GC heap after
{Heap after GC invocations=8 (full 0):
 garbage-first heap   total 262144K, used 51012K [0x00000000e0000000, 0x0000000100000000)
  region size 1024K, 20 young (20480K), 20 survivors (20480K)
 Metaspace       used 52692K, committed 53184K, reserved 364544K
  class space    used 7324K, committed 7552K, reserved 315392K
}
Event: 233.928 GC heap before
{Heap before GC invocations=8 (full 0):
 garbage-first heap   total 262144K, used 186180K [0x00000000e0000000, 0x0000000100000000)
  region size 1024K, 153 young (156672K), 20 survivors (20480K)
 Metaspace       used 55262K, committed 55808K, reserved 364544K
  class space    used 7616K, committed 7872K, reserved 315392K
}
Event: 234.087 GC heap after
{Heap after GC invocations=9 (full 0):
 garbage-first heap   total 262144K, used 56969K [0x00000000e0000000, 0x0000000100000000)
  region size 1024K, 10 young (10240K), 10 survivors (10240K)
 Metaspace       used 55262K, committed 55808K, reserved 364544K
  class space    used 7616K, committed 7872K, reserved 315392K
}
Event: 236.989 GC heap before
{Heap before GC invocations=9 (full 0):
 garbage-first heap   total 262144K, used 199305K [0x00000000e0000000, 0x0000000100000000)
  region size 1024K, 150 young (153600K), 10 survivors (10240K)
 Metaspace       used 55885K, committed 56448K, reserved 372736K
  class space    used 7623K, committed 7872K, reserved 315392K
}
Event: 237.018 GC heap after
{Heap after GC invocations=10 (full 0):
 garbage-first heap   total 262144K, used 70145K [0x00000000e0000000, 0x0000000100000000)
  region size 1024K, 19 young (19456K), 19 survivors (19456K)
 Metaspace       used 55885K, committed 56448K, reserved 372736K
  class space    used 7623K, committed 7872K, reserved 315392K
}
Event: 238.248 GC heap before
{Heap before GC invocations=10 (full 0):
 garbage-first heap   total 262144K, used 94721K [0x00000000e0000000, 0x0000000100000000)
  region size 1024K, 44 young (45056K), 19 survivors (19456K)
 Metaspace       used 59755K, committed 60288K, reserved 372736K
  class space    used 8159K, committed 8448K, reserved 315392K
}
Event: 238.264 GC heap after
{Heap after GC invocations=11 (full 0):
 garbage-first heap   total 262144K, used 74932K [0x00000000e0000000, 0x0000000100000000)
  region size 1024K, 5 young (5120K), 5 survivors (5120K)
 Metaspace       used 59755K, committed 60288K, reserved 372736K
  class space    used 8159K, committed 8448K, reserved 315392K
}
Event: 246.123 GC heap before
{Heap before GC invocations=12 (full 0):
 garbage-first heap   total 262144K, used 169140K [0x00000000e0000000, 0x0000000100000000)
  region size 1024K, 98 young (100352K), 5 survivors (5120K)
 Metaspace       used 65648K, committed 66240K, reserved 380928K
  class space    used 8711K, committed 8960K, reserved 315392K
}
Event: 246.209 GC heap after
{Heap after GC invocations=13 (full 0):
 garbage-first heap   total 262144K, used 81429K [0x00000000e0000000, 0x0000000100000000)
  region size 1024K, 11 young (11264K), 11 survivors (11264K)
 Metaspace       used 65648K, committed 66240K, reserved 380928K
  class space    used 8711K, committed 8960K, reserved 315392K
}

